mode: atomic
billing_enginee/api/handler/loan_handler.go:15.67,19.2 1 3
billing_enginee/api/handler/loan_handler.go:30.50,34.51 2 3
billing_enginee/api/handler/loan_handler.go:34.51,37.3 2 0
billing_enginee/api/handler/loan_handler.go:40.2,41.16 2 3
billing_enginee/api/handler/loan_handler.go:41.16,44.3 2 0
billing_enginee/api/handler/loan_handler.go:47.2,53.4 1 3
billing_enginee/api/handler/loan_handler.go:56.54,59.16 3 2
billing_enginee/api/handler/loan_handler.go:59.16,62.3 2 0
billing_enginee/api/handler/loan_handler.go:65.2,66.16 2 2
billing_enginee/api/handler/loan_handler.go:66.16,69.3 2 0
billing_enginee/api/handler/loan_handler.go:72.2,78.4 1 2
billing_enginee/api/routes/loan_routes.go:10.63,18.2 4 3
billing_enginee/api/routes/loan_routes.go:18.2,23.3 2 3
billing_enginee/api/routes/loan_routes.go:25.2,25.15 1 3
billing_enginee/internal/entity/customer_entity.go:11.60,17.2 1 3
billing_enginee/internal/entity/customer_entity.go:19.48,25.2 1 0
billing_enginee/internal/entity/customer_entity.go:27.46,33.2 1 3
billing_enginee/internal/entity/customer_entity.go:35.35,37.2 1 3
billing_enginee/internal/entity/customer_entity.go:39.33,41.2 1 3
billing_enginee/internal/entity/loan_entity.go:20.86,31.2 2 3
billing_enginee/internal/entity/loan_entity.go:33.36,45.2 1 3
billing_enginee/internal/entity/loan_entity.go:47.38,59.2 1 3
billing_enginee/internal/entity/loan_entity.go:61.31,63.2 1 3
billing_enginee/internal/entity/loan_entity.go:65.29,67.2 1 153
billing_enginee/internal/entity/loan_entity.go:69.38,71.2 1 8
billing_enginee/internal/entity/payment_entity.go:18.102,26.2 1 150
billing_enginee/internal/entity/payment_entity.go:28.45,37.2 1 4
billing_enginee/internal/entity/payment_entity.go:39.44,48.2 1 150
billing_enginee/internal/entity/payment_entity.go:50.34,52.2 1 150
billing_enginee/internal/entity/payment_entity.go:54.32,56.2 1 1
billing_enginee/internal/entity/payment_entity.go:59.36,61.2 1 3
billing_enginee/internal/entity/payment_entity.go:64.39,66.2 1 9
billing_enginee/internal/entity/payment_entity.go:69.32,71.2 1 2
billing_enginee/internal/entity/payment_entity.go:73.39,75.2 1 3
billing_enginee/internal/entity/payment_entity.go:77.35,79.2 1 1
billing_enginee/internal/entity/payment_entity.go:81.44,83.2 1 1
billing_enginee/internal/repository/customer_repository.go:19.60,23.2 1 3
billing_enginee/internal/repository/customer_repository.go:25.76,30.58 2 3
billing_enginee/internal/repository/customer_repository.go:30.58,32.3 1 0
billing_enginee/internal/repository/customer_repository.go:35.2,36.12 2 3
billing_enginee/internal/repository/customer_repository.go:39.89,41.69 2 3
billing_enginee/internal/repository/customer_repository.go:41.69,43.3 1 3
billing_enginee/internal/repository/customer_repository.go:46.2,47.28 2 0
billing_enginee/internal/repository/loan_repository.go:21.52,25.2 1 3
billing_enginee/internal/repository/loan_repository.go:27.60,32.54 2 3
billing_enginee/internal/repository/loan_repository.go:32.54,34.3 1 0
billing_enginee/internal/repository/loan_repository.go:37.2,38.12 2 3
billing_enginee/internal/repository/loan_repository.go:41.73,43.61 2 0
billing_enginee/internal/repository/loan_repository.go:43.61,45.3 1 0
billing_enginee/internal/repository/loan_repository.go:48.2,49.24 2 0
billing_enginee/internal/repository/loan_repository.go:52.73,55.35 2 3
billing_enginee/internal/repository/loan_repository.go:55.35,57.3 1 150
billing_enginee/internal/repository/loan_repository.go:60.2,60.58 1 3
billing_enginee/internal/repository/loan_repository.go:60.58,62.3 1 0
billing_enginee/internal/repository/loan_repository.go:65.2,65.45 1 3
billing_enginee/internal/repository/loan_repository.go:65.45,67.3 1 150
billing_enginee/internal/repository/loan_repository.go:69.2,69.12 1 3
billing_enginee/internal/repository/loan_repository.go:72.89,76.131 2 2
billing_enginee/internal/repository/loan_repository.go:76.131,78.3 1 0
billing_enginee/internal/repository/loan_repository.go:81.2,82.38 2 2
billing_enginee/internal/repository/loan_repository.go:82.38,91.3 5 3
billing_enginee/internal/repository/loan_repository.go:93.2,93.33 1 2
billing_enginee/internal/repository/payment_repository.go:20.58,24.2 1 2
billing_enginee/internal/repository/payment_repository.go:27.107,30.117 2 1
billing_enginee/internal/repository/payment_repository.go:30.117,32.3 1 0
billing_enginee/internal/repository/payment_repository.go:35.2,36.38 2 1
billing_enginee/internal/repository/payment_repository.go:36.38,38.3 1 1
billing_enginee/internal/repository/payment_repository.go:40.2,40.22 1 1
billing_enginee/internal/repository/payment_repository.go:44.80,46.2 1 1
billing_enginee/internal/usecase/loan_usecase.go:30.113,35.2 1 3
billing_enginee/internal/usecase/loan_usecase.go:45.147,48.16 2 3
billing_enginee/internal/usecase/loan_usecase.go:48.16,49.45 1 3
billing_enginee/internal/usecase/loan_usecase.go:49.45,52.64 2 3
billing_enginee/internal/usecase/loan_usecase.go:52.64,54.5 1 0
billing_enginee/internal/usecase/loan_usecase.go:55.9,57.4 1 0
billing_enginee/internal/usecase/loan_usecase.go:61.2,64.50 2 3
billing_enginee/internal/usecase/loan_usecase.go:64.50,66.3 1 0
billing_enginee/internal/usecase/loan_usecase.go:69.2,73.43 3 3
billing_enginee/internal/usecase/loan_usecase.go:73.43,75.16 2 150
billing_enginee/internal/usecase/loan_usecase.go:75.16,77.4 1 3
billing_enginee/internal/usecase/loan_usecase.go:79.3,80.104 2 150
billing_enginee/internal/usecase/loan_usecase.go:84.2,84.58 1 3
billing_enginee/internal/usecase/loan_usecase.go:84.58,86.3 1 0
billing_enginee/internal/usecase/loan_usecase.go:89.2,97.22 2 3
billing_enginee/internal/usecase/loan_usecase.go:100.81,103.16 2 2
billing_enginee/internal/usecase/loan_usecase.go:103.16,105.3 1 0
billing_enginee/internal/usecase/loan_usecase.go:107.2,107.35 1 2
billing_enginee/internal/usecase/loan_usecase.go:107.35,109.3 1 0
billing_enginee/internal/usecase/loan_usecase.go:112.2,114.46 3 2
billing_enginee/internal/usecase/loan_usecase.go:114.46,116.45 2 3
billing_enginee/internal/usecase/loan_usecase.go:116.45,118.4 1 3
billing_enginee/internal/usecase/loan_usecase.go:122.2,130.22 2 2
billing_enginee/internal/usecase/payment_usecase.go:17.81,21.2 1 1
billing_enginee/internal/usecase/payment_usecase.go:23.58,31.16 4 1
billing_enginee/internal/usecase/payment_usecase.go:31.16,34.3 2 0
billing_enginee/internal/usecase/payment_usecase.go:37.2,37.35 1 1
billing_enginee/internal/usecase/payment_usecase.go:37.35,39.69 2 1
billing_enginee/internal/usecase/payment_usecase.go:39.69,42.4 2 0
billing_enginee/internal/usecase/payment_usecase.go:45.2,46.12 2 1
billing_enginee/pkg/db.go:19.42,44.16 8 0
billing_enginee/pkg/db.go:44.16,46.3 1 0
billing_enginee/pkg/db.go:49.2,50.16 2 0
billing_enginee/pkg/db.go:50.16,52.3 1 0
billing_enginee/pkg/db.go:54.2,54.23 1 0
billing_enginee/pkg/db.go:57.37,60.16 2 3
billing_enginee/pkg/db.go:60.16,62.3 1 0
billing_enginee/pkg/db.go:65.2,76.16 8 3
billing_enginee/pkg/db.go:76.16,78.3 1 0
billing_enginee/pkg/db.go:80.2,80.16 1 3
